<?xml version="1.0" encoding="UTF-8"?>
<coverage generated="1694795909549" clover="3.2.0">
  <project timestamp="1694795909550" name="All files">
    <metrics statements="17" coveredstatements="13" conditionals="2" coveredconditionals="1" methods="9" coveredmethods="4" elements="28" coveredelements="18" complexity="0" loc="17" ncloc="17" packages="2" files="5" classes="5"/>
    <package name="components">
      <metrics statements="14" coveredstatements="10" conditionals="2" coveredconditionals="1" methods="9" coveredmethods="4"/>
      <file name="Header.jsx" path="C:\Users\ap783\test\nreact\src\components\Header.jsx">
        <metrics statements="8" coveredstatements="7" conditionals="2" coveredconditionals="1" methods="5" coveredmethods="3"/>
        <line num="7" count="1" type="stmt"/>
        <line num="8" count="1" type="stmt"/>
        <line num="18" count="1" type="stmt"/>
        <line num="19" count="1" type="stmt"/>
        <line num="21" count="1" type="stmt"/>
        <line num="23" count="2" type="stmt"/>
        <line num="25" count="1" type="stmt"/>
        <line num="41" count="0" type="cond" truecount="1" falsecount="1"/>
      </file>
      <file name="cartSlice.jsx" path="C:\Users\ap783\test\nreact\src\components\cartSlice.jsx">
        <metrics statements="5" coveredstatements="2" conditionals="0" coveredconditionals="0" methods="3" coveredmethods="0"/>
        <line num="3" count="1" type="stmt"/>
        <line num="10" count="0" type="stmt"/>
        <line num="13" count="0" type="stmt"/>
        <line num="16" count="0" type="stmt"/>
        <line num="21" count="1" type="stmt"/>
      </file>
      <file name="sum.jsx" path="C:\Users\ap783\test\nreact\src\components\sum.jsx">
        <metrics statements="1" coveredstatements="1" conditionals="0" coveredconditionals="0" methods="1" coveredmethods="1"/>
        <line num="1" count="1" type="stmt"/>
      </file>
    </package>
    <package name="utils">
      <metrics statements="3" coveredstatements="3" conditionals="0" coveredconditionals="0" methods="0" coveredmethods="0"/>
      <file name="UserContext.jsx" path="C:\Users\ap783\test\nreact\src\utils\UserContext.jsx">
        <metrics statements="2" coveredstatements="2" conditionals="0" coveredconditionals="0" methods="0" coveredmethods="0"/>
        <line num="3" count="1" type="stmt"/>
        <line num="10" count="1" type="stmt"/>
      </file>
      <file name="store.jsx" path="C:\Users\ap783\test\nreact\src\utils\store.jsx">
        <metrics statements="1" coveredstatements="1" conditionals="0" coveredconditionals="0" methods="0" coveredmethods="0"/>
        <line num="3" count="1" type="stmt"/>
      </file>
    </package>
  </project>
</coverage>
