{"C:\\Users\\ap783\\test\\nreact\\src\\components\\Header.jsx": {"path":"C:\\Users\\ap783\\test\\nreact\\src\\components\\Header.jsx","statementMap":{"0":{"start":{"line":7,"column":14},"end":{"line":15,"column":1}},"1":{"start":{"line":8,"column":4},"end":{"line":14,"column":1}},"2":{"start":{"line":18,"column":15},"end":{"line":47,"column":1}},"3":{"start":{"line":19,"column":37},"end":{"line":19,"column":52}},"4":{"start":{"line":21,"column":19},"end":{"line":21,"column":42}},"5":{"start":{"line":23,"column":22},"end":{"line":23,"column":60}},"6":{"start":{"line":23,"column":43},"end":{"line":23,"column":59}},"7":{"start":{"line":25,"column":2},"end":{"line":46,"column":3}},"8":{"start":{"line":41,"column":44},"end":{"line":41,"column":64}},"9":{"start":{"line":41,"column":105},"end":{"line":41,"column":124}}},"fnMap":{"0":{"name":"(anonymous_0)","decl":{"start":{"line":7,"column":14},"end":{"line":7,"column":15}},"loc":{"start":{"line":7,"column":20},"end":{"line":15,"column":1}},"line":7},"1":{"name":"(anonymous_1)","decl":{"start":{"line":18,"column":15},"end":{"line":18,"column":16}},"loc":{"start":{"line":18,"column":21},"end":{"line":47,"column":1}},"line":18},"2":{"name":"(anonymous_2)","decl":{"start":{"line":23,"column":34},"end":{"line":23,"column":35}},"loc":{"start":{"line":23,"column":43},"end":{"line":23,"column":59}},"line":23},"3":{"name":"(anonymous_3)","decl":{"start":{"line":41,"column":40},"end":{"line":41,"column":41}},"loc":{"start":{"line":41,"column":44},"end":{"line":41,"column":64}},"line":41},"4":{"name":"(anonymous_4)","decl":{"start":{"line":41,"column":101},"end":{"line":41,"column":102}},"loc":{"start":{"line":41,"column":105},"end":{"line":41,"column":124}},"line":41}},"branchMap":{"0":{"loc":{"start":{"line":41,"column":8},"end":{"line":41,"column":140}},"type":"cond-expr","locations":[{"start":{"line":41,"column":23},"end":{"line":41,"column":81}},{"start":{"line":41,"column":84},"end":{"line":41,"column":140}}],"line":41}},"s":{"0":1,"1":1,"2":1,"3":1,"4":1,"5":1,"6":2,"7":1,"8":0,"9":0},"f":{"0":1,"1":1,"2":2,"3":0,"4":0},"b":{"0":[0,1]},"_coverageSchema":"1a1c01bbd47fc00a2c39e90264f33305004495a9","hash":"b15ad2c21be8ae1557b0c42ed1a43d9cb3965c64"}
,"C:\\Users\\ap783\\test\\nreact\\src\\components\\cartSlice.jsx": {"path":"C:\\Users\\ap783\\test\\nreact\\src\\components\\cartSlice.jsx","statementMap":{"0":{"start":{"line":3,"column":18},"end":{"line":19,"column":2}},"1":{"start":{"line":10,"column":12},"end":{"line":10,"column":45}},"2":{"start":{"line":13,"column":12},"end":{"line":13,"column":30}},"3":{"start":{"line":16,"column":12},"end":{"line":16,"column":27}},"4":{"start":{"line":21,"column":46},"end":{"line":21,"column":63}}},"fnMap":{"0":{"name":"(anonymous_0)","decl":{"start":{"line":9,"column":16},"end":{"line":9,"column":17}},"loc":{"start":{"line":9,"column":32},"end":{"line":11,"column":9}},"line":9},"1":{"name":"(anonymous_1)","decl":{"start":{"line":12,"column":19},"end":{"line":12,"column":20}},"loc":{"start":{"line":12,"column":38},"end":{"line":14,"column":9}},"line":12},"2":{"name":"(anonymous_2)","decl":{"start":{"line":15,"column":18},"end":{"line":15,"column":19}},"loc":{"start":{"line":15,"column":27},"end":{"line":17,"column":9}},"line":15}},"branchMap":{},"s":{"0":1,"1":0,"2":0,"3":0,"4":1},"f":{"0":0,"1":0,"2":0},"b":{},"_coverageSchema":"1a1c01bbd47fc00a2c39e90264f33305004495a9","hash":"de0ace9d44bce5cba0d7dd6a8133720dc4fae1d2"}
,"C:\\Users\\ap783\\test\\nreact\\src\\components\\sum.jsx": {"path":"C:\\Users\\ap783\\test\\nreact\\src\\components\\sum.jsx","statementMap":{"0":{"start":{"line":1,"column":19},"end":{"line":1,"column":31}},"1":{"start":{"line":1,"column":28},"end":{"line":1,"column":31}}},"fnMap":{"0":{"name":"(anonymous_0)","decl":{"start":{"line":1,"column":19},"end":{"line":1,"column":20}},"loc":{"start":{"line":1,"column":28},"end":{"line":1,"column":31}},"line":1}},"branchMap":{},"s":{"0":1,"1":1},"f":{"0":1},"b":{},"_coverageSchema":"1a1c01bbd47fc00a2c39e90264f33305004495a9","hash":"85d64824734a59d19856e5a620b34b9a3fc4d0bb"}
,"C:\\Users\\ap783\\test\\nreact\\src\\utils\\UserContext.jsx": {"path":"C:\\Users\\ap783\\test\\nreact\\src\\utils\\UserContext.jsx","statementMap":{"0":{"start":{"line":3,"column":20},"end":{"line":8,"column":2}},"1":{"start":{"line":10,"column":0},"end":{"line":10,"column":37}}},"fnMap":{},"branchMap":{},"s":{"0":1,"1":1},"f":{},"b":{},"_coverageSchema":"1a1c01bbd47fc00a2c39e90264f33305004495a9","hash":"cfa0a4e8e3ffe406129d9452a834f6b31e2f9f74"}
,"C:\\Users\\ap783\\test\\nreact\\src\\utils\\store.jsx": {"path":"C:\\Users\\ap783\\test\\nreact\\src\\utils\\store.jsx","statementMap":{"0":{"start":{"line":3,"column":14},"end":{"line":7,"column":2}}},"fnMap":{},"branchMap":{},"s":{"0":1},"f":{},"b":{},"_coverageSchema":"1a1c01bbd47fc00a2c39e90264f33305004495a9","hash":"6878594e2af0fb0d00fb880b171f6d771b54a81c"}
}
